# JRE version: OpenJDK Runtime Environment Temurin-17.0.14+7 (17.0.14+7) (build 17.0.14+7)
# Java VM: OpenJDK 64-Bit Server VM Temurin-17.0.14+7 (17.0.14+7, mixed mode, sharing, tiered, compressed oops, compressed class ptrs, g1 gc, windows-amd64)
GC Precious Log:
 CPUs: 8 total, 8 available
 Memory: 30668M
 Large Page Support: Disabled
 NUMA Support: Disabled
 Compressed Oops: Enabled (32-bit)
 Heap Region Size: 1M
 Heap Min Capacity: 256M
 Heap Initial Capacity: 256M
 Heap Max Capacity: 512M
 Pre-touch: Disabled
 Parallel Workers: 8
 Concurrent Workers: 2
 Concurrent Refinement Workers: 8
 Periodic GC: Disabled
Heap:
 garbage-first heap   total 262144K, used 158298K [0x00000000e0000000, 0x0000000100000000)
  region size 1024K, 4 young (4096K), 2 survivors (2048K)
 Metaspace       used 73615K, committed 75008K, reserved 458752K
  class space    used 9826K, committed 10368K, reserved 327680K
GC Heap History (20 events):
Event: 114.318 GC heap after
{Heap after GC invocations=14 (full 0):
 garbage-first heap   total 262144K, used 96256K [0x00000000e0000000, 0x0000000100000000)
  region size 1024K, 19 young (19456K), 19 survivors (19456K)
 Metaspace       used 67404K, committed 68224K, reserved 393216K
  class space    used 9202K, committed 9600K, reserved 327680K
}
Event: 116.847 GC heap before
{Heap before GC invocations=14 (full 0):
 garbage-first heap   total 262144K, used 199680K [0x00000000e0000000, 0x0000000100000000)
  region size 1024K, 121 young (123904K), 19 survivors (19456K)
 Metaspace       used 72021K, committed 72768K, reserved 393216K
  class space    used 9767K, committed 10112K, reserved 327680K
}
Event: 116.868 GC heap after
{Heap after GC invocations=15 (full 0):
 garbage-first heap   total 262144K, used 108187K [0x00000000e0000000, 0x0000000100000000)
  region size 1024K, 11 young (11264K), 11 survivors (11264K)
 Metaspace       used 72021K, committed 72768K, reserved 393216K
  class space    used 9767K, committed 10112K, reserved 327680K
}
Event: 124.163 GC heap before
{Heap before GC invocations=15 (full 0):
 garbage-first heap   total 262144K, used 203419K [0x00000000e0000000, 0x0000000100000000)
  region size 1024K, 104 young (106496K), 11 survivors (11264K)
 Metaspace       used 72494K, committed 73344K, reserved 393216K
  class space    used 9798K, committed 10176K, reserved 327680K
}
Event: 124.172 GC heap after
{Heap after GC invocations=16 (full 0):
 garbage-first heap   total 262144K, used 118196K [0x00000000e0000000, 0x0000000100000000)
  region size 1024K, 10 young (10240K), 10 survivors (10240K)
 Metaspace       used 72494K, committed 73344K, reserved 393216K
  class space    used 9798K, committed 10176K, reserved 327680K
}
Event: 126.488 GC heap before
{Heap before GC invocations=16 (full 0):
 garbage-first heap   total 262144K, used 206260K [0x00000000e0000000, 0x0000000100000000)
  region size 1024K, 96 young (98304K), 10 survivors (10240K)
 Metaspace       used 72681K, committed 73472K, reserved 393216K
  class space    used 9803K, committed 10176K, reserved 327680K
}
Event: 126.491 GC heap after
{Heap after GC invocations=17 (full 0):
 garbage-first heap   total 262144K, used 112121K [0x00000000e0000000, 0x0000000100000000)
  region size 1024K, 3 young (3072K), 3 survivors (3072K)
 Metaspace       used 72681K, committed 73472K, reserved 393216K
  class space    used 9803K, committed 10176K, reserved 327680K
}
Event: 128.462 GC heap before
{Heap before GC invocations=17 (full 0):
 garbage-first heap   total 262144K, used 208377K [0x00000000e0000000, 0x0000000100000000)
  region size 1024K, 97 young (99328K), 3 survivors (3072K)
 Metaspace       used 72874K, committed 73664K, reserved 393216K
  class space    used 9804K, committed 10176K, reserved 327680K
}
Event: 128.470 GC heap after
{Heap after GC invocations=18 (full 0):
 garbage-first heap   total 262144K, used 119875K [0x00000000e0000000, 0x0000000100000000)
  region size 1024K, 10 young (10240K), 10 survivors (10240K)
 Metaspace       used 72874K, committed 73664K, reserved 393216K
  class space    used 9804K, committed 10176K, reserved 327680K
}
Event: 129.929 GC heap before
{Heap before GC invocations=18 (full 0):
 garbage-first heap   total 262144K, used 211011K [0x00000000e0000000, 0x0000000100000000)
  region size 1024K, 98 young (100352K), 10 survivors (10240K)
 Metaspace       used 72963K, committed 73728K, reserved 393216K
  class space    used 9807K, committed 10176K, reserved 327680K
}
Event: 129.936 GC heap after
{Heap after GC invocations=19 (full 0):
 garbage-first heap   total 262144K, used 123647K [0x00000000e0000000, 0x0000000100000000)
  region size 1024K, 7 young (7168K), 7 survivors (7168K)
 Metaspace       used 72963K, committed 73728K, reserved 393216K
  class space    used 9807K, committed 10176K, reserved 327680K
}
Event: 143.425 GC heap before
{Heap before GC invocations=19 (full 0):
 garbage-first heap   total 262144K, used 210687K [0x00000000e0000000, 0x0000000100000000)
  region size 1024K, 93 young (95232K), 7 survivors (7168K)
 Metaspace       used 75035K, committed 75904K, reserved 458752K
  class space    used 10017K, committed 10432K, reserved 327680K
}
Event: 143.432 GC heap after
{Heap after GC invocations=20 (full 0):
 garbage-first heap   total 262144K, used 126317K [0x00000000e0000000, 0x0000000100000000)
  region size 1024K, 10 young (10240K), 10 survivors (10240K)
 Metaspace       used 75035K, committed 75904K, reserved 458752K
  class space    used 10017K, committed 10432K, reserved 327680K
}
Event: 144.465 GC heap before
{Heap before GC invocations=20 (full 0):
 garbage-first heap   total 262144K, used 212333K [0x00000000e0000000, 0x0000000100000000)
  region size 1024K, 94 young (96256K), 10 survivors (10240K)
 Metaspace       used 75088K, committed 75968K, reserved 458752K
  class space    used 10017K, committed 10432K, reserved 327680K
}
Event: 144.476 GC heap after
{Heap after GC invocations=21 (full 0):
 garbage-first heap   total 262144K, used 135079K [0x00000000e0000000, 0x0000000100000000)
  region size 1024K, 9 young (9216K), 9 survivors (9216K)
 Metaspace       used 75088K, committed 75968K, reserved 458752K
  class space    used 10017K, committed 10432K, reserved 327680K
}
Event: 148.016 GC heap before
{Heap before GC invocations=21 (full 0):
 garbage-first heap   total 262144K, used 176039K [0x00000000e0000000, 0x0000000100000000)
  region size 1024K, 51 young (52224K), 9 survivors (9216K)
 Metaspace       used 75122K, committed 76032K, reserved 458752K
  class space    used 10017K, committed 10432K, reserved 327680K
}
Event: 148.025 GC heap after
{Heap after GC invocations=22 (full 0):
 garbage-first heap   total 262144K, used 140821K [0x00000000e0000000, 0x0000000100000000)
  region size 1024K, 6 young (6144K), 6 survivors (6144K)
 Metaspace       used 75122K, committed 76032K, reserved 458752K
  class space    used 10017K, committed 10432K, reserved 327680K
}
Event: 150.257 GC heap before
{Heap before GC invocations=23 (full 0):
 garbage-first heap   total 262144K, used 212501K [0x00000000e0000000, 0x0000000100000000)
  region size 1024K, 77 young (78848K), 6 survivors (6144K)
 Metaspace       used 73615K, committed 75008K, reserved 458752K
  class space    used 9826K, committed 10368K, reserved 327680K
}
Event: 150.267 GC heap after
{Heap after GC invocations=24 (full 0):
 garbage-first heap   total 262144K, used 156250K [0x00000000e0000000, 0x0000000100000000)
  region size 1024K, 10 young (10240K), 10 survivors (10240K)
 Metaspace       used 73615K, committed 75008K, reserved 458752K
  class space    used 9826K, committed 10368K, reserved 327680K
}
Event: 150.284 GC heap before
{Heap before GC invocations=24 (full 0):
 garbage-first heap   total 262144K, used 158298K [0x00000000e0000000, 0x0000000100000000)
  region size 1024K, 12 young (12288K), 10 survivors (10240K)
 Metaspace       used 73615K, committed 75008K, reserved 458752K
  class space    used 9826K, committed 10368K, reserved 327680K
}

